Solver command line: ['c:\\Users\\mikal\\Desktop\\TU Berlin\\Wirtschaftsingenieurswesen\\1. Semester\\SERTS\\CBC\\bin\\cbc.exe', '-printingOptions', 'all', '-import', 'C:\\Users\\mikal\\AppData\\Local\\Temp\\tmp9ij73x2l.pyomo.lp', '-stat=1', '-solve', '-solu', 'C:\\Users\\mikal\\AppData\\Local\\Temp\\tmp9ij73x2l.pyomo.soln']

Welcome to the CBC MILP Solver 
Version: 2.10.12 
Build Date: Aug 20 2024 

command line - c:\Users\mikal\Desktop\TU Berlin\Wirtschaftsingenieurswesen\1. Semester\SERTS\CBC\bin\cbc.exe -printingOptions all -import C:\Users\mikal\AppData\Local\Temp\tmp9ij73x2l.pyomo.lp -stat=1 -solve -solu C:\Users\mikal\AppData\Local\Temp\tmp9ij73x2l.pyomo.soln (default strategy 1)
Option for printingOptions changed from normal to all
Presolve 1091874 (-223087) rows, 709873 (-342097) columns and 3130920 (-406989) elements
Statistics for presolved model


Problem has 1091874 rows, 709873 columns (2 with objective) and 3130920 elements
Column breakdown:
709872 of type 0.0->inf, 0 of type 0.0->up, 1 of type lo->inf, 
0 of type lo->up, 0 of type free, 0 of type fixed, 
0 of type -inf->0.0, 0 of type -inf->up, 0 of type 0.0->1.0 
Row breakdown:
107989 of type E 0.0, 0 of type E 1.0, 0 of type E -1.0, 
75901 of type E other, 0 of type G 0.0, 0 of type G 1.0, 
119013 of type G other, 576917 of type L 0.0, 0 of type L 1.0, 
212054 of type L other, 0 of type Range 0.0->1.0, 0 of type Range other, 
0 of type Free 
Presolve 1091874 (-223087) rows, 709873 (-342097) columns and 3130920 (-406989) elements
Perturbing problem by 0.001% of 8313.4852 - largest nonzero change 0.4968377 ( 0.56927068%) - largest zero change 0.040154485
0  Obj 9821153.8 Primal inf 1.0170452e+09 (194914)
1000  Obj 9948684.7 Primal inf 9.6693881e+08 (194574)
2000  Obj 10066695 Primal inf 9.199053e+08 (194298)
3000  Obj 10176727 Primal inf 8.7902777e+08 (194014)
4000  Obj 10282263 Primal inf 8.3948482e+08 (193715)
5000  Obj 10400497 Primal inf 7.9318086e+08 (193502)
6000  Obj 10499956 Primal inf 7.5602015e+08 (193223)
7000  Obj 10604862 Primal inf 7.1638109e+08 (192969)
8000  Obj 10698640 Primal inf 6.8195176e+08 (192699)
9000  Obj 10788269 Primal inf 6.4904899e+08 (192435)
10000  Obj 10875558 Primal inf 6.1670172e+08 (192199)
11000  Obj 10953257 Primal inf 5.8898025e+08 (191944)
12000  Obj 11035719 Primal inf 5.5881052e+08 (191701)
13000  Obj 11113462 Primal inf 5.3097733e+08 (191433)
14000  Obj 11186544 Primal inf 5.0476246e+08 (191209)
15000  Obj 11257483 Primal inf 4.7967492e+08 (190991)
16000  Obj 11329322 Primal inf 4.5426231e+08 (190759)
17000  Obj 11399686 Primal inf 4.2903618e+08 (190524)
18000  Obj 11464314 Primal inf 4.0576837e+08 (190307)
19000  Obj 11532028 Primal inf 3.8267224e+08 (190068)
20000  Obj 11603853 Primal inf 3.5769441e+08 (189770)
21000  Obj 11672892 Primal inf 3.3410236e+08 (189482)
22000  Obj 11728628 Primal inf 3.1630252e+08 (189169)
23000  Obj 11765400 Primal inf 3.0755842e+08 (188882)
24000  Obj 11796752 Primal inf 3.0111722e+08 (188569)
25000  Obj 11828893 Primal inf 2.9460322e+08 (188271)
26000  Obj 11857288 Primal inf 2.8898526e+08 (187990)
27000  Obj 11887878 Primal inf 2.8198208e+08 (187738)
28000  Obj 11911197 Primal inf 2.7821785e+08 (187501)
29000  Obj 11937461 Primal inf 2.7312501e+08 (187277)
30000  Obj 11960400 Primal inf 2.6928212e+08 (187055)
31000  Obj 11982775 Primal inf 2.659106e+08 (186821)
32000  Obj 12003548 Primal inf 2.6365578e+08 (186567)
33000  Obj 12033694 Primal inf 2.6248691e+08 (186336)
34000  Obj 12094394 Primal inf 2.761248e+08 (186166)
35000  Obj 21663548 Primal inf 2.616353e+08 (185825)
36000  Obj 21895780 Primal inf 2.6604758e+08 (185505)
37000  Obj 22189686 Primal inf 2.7570972e+08 (185213)
38000  Obj 22435428 Primal inf 2.8761943e+08 (185003)
39000  Obj 22560551 Primal inf 2.8854708e+08 (184733)
40000  Obj 22601976 Primal inf 2.8947906e+08 (184541)
41000  Obj 22765569 Primal inf 2.8815581e+08 (184215)
42000  Obj 22908901 Primal inf 2.944203e+08 (183991)
43000  Obj 23036771 Primal inf 2.9506855e+08 (183711)
44000  Obj 23262727 Primal inf 3.0925519e+08 (183603)
45000  Obj 23362010 Primal inf 3.1555371e+08 (183408)
46000  Obj 23512873 Primal inf 3.3769009e+08 (183300)
47000  Obj 24192308 Primal inf 1.8712188e+08 (85076)
48000  Obj 24204997 Primal inf 1.8311501e+08 (85026)
49000  Obj 24219319 Primal inf 1.7838699e+08 (84975)
50000  Obj 24235387 Primal inf 1.7411879e+08 (84913)
51000  Obj 24295863 Primal inf 2.0419255e+08 (88737)
52000  Obj 24306019 Primal inf 2.0821301e+08 (89111)
53000  Obj 24316113 Primal inf 2.0316599e+08 (89042)
54000  Obj 24326104 Primal inf 1.9784119e+08 (88960)
55000  Obj 24336468 Primal inf 1.9270596e+08 (88863)
56000  Obj 24346178 Primal inf 1.8783408e+08 (88775)
57000  Obj 24369269 Primal inf 1.8262539e+08 (88663)
58000  Obj 24381285 Primal inf 1.7799952e+08 (88562)
59000  Obj 24407285 Primal inf 1.7382554e+08 (88431)
60000  Obj 24432774 Primal inf 1.6940237e+08 (88275)
61000  Obj 24485876 Primal inf 1.648348e+08 (88051)
62000  Obj 24538787 Primal inf 1.6079081e+08 (87806)
63000  Obj 24577699 Primal inf 1.5565897e+08 (87576)
64000  Obj 24595832 Primal inf 1.5066312e+08 (87386)
65000  Obj 24664229 Primal inf 1.4699079e+08 (87109)
66000  Obj 24703568 Primal inf 1.4288998e+08 (86810)
67000  Obj 24733020 Primal inf 1.3872436e+08 (86499)
68000  Obj 24803252 Primal inf 1.347377e+08 (86153)
69000  Obj 24862590 Primal inf 1.3116778e+08 (85791)
70000  Obj 26729007 Primal inf 95154235 (85860)
71000  Obj 26907229 Primal inf 81120551 (85315)
72000  Obj 27012509 Primal inf 76083075 (84744)
73000  Obj 27093093 Primal inf 73364119 (84185)
74000  Obj 27284922 Primal inf 59719122 (83528)
75000  Obj 27337575 Primal inf 55945492 (82940)
76000  Obj 27416851 Primal inf 50164993 (82338)
77000  Obj 27501949 Primal inf 43397169 (81647)
78000  Obj 27553146 Primal inf 38857030 (80941)
79000  Obj 27615406 Primal inf 34809257 (80220)
80000  Obj 27654711 Primal inf 32085296 (79519)
81000  Obj 27688534 Primal inf 29533556 (78748)
82000  Obj 27988438 Primal inf 31296624 (77940)
83000  Obj 28048177 Primal inf 29604717 (77292)
84000  Obj 28138618 Primal inf 28303894 (76654)
85000  Obj 28200645 Primal inf 26688308 (75994)
86000  Obj 28244196 Primal inf 25657316 (75309)
87000  Obj 28330513 Primal inf 23917480 (74643)
88000  Obj 28410496 Primal inf 22421667 (73910)
89000  Obj 28493797 Primal inf 21092581 (73239)
90000  Obj 28562335 Primal inf 19988273 (72589)
91000  Obj 28644976 Primal inf 18492576 (71868)
92000  Obj 28701599 Primal inf 17517652 (71157)
93000  Obj 28785199 Primal inf 16659031 (70398)
94000  Obj 28826684 Primal inf 15501253 (69689)
95000  Obj 28927255 Primal inf 14484877 (68954)
96000  Obj 28960831 Primal inf 13752326 (68190)
97000  Obj 29013114 Primal inf 12470242 (67430)
98000  Obj 29049516 Primal inf 11583213 (66637)
99000  Obj 29098421 Primal inf 10831272 (65789)
100000  Obj 29124929 Primal inf 10210905 (64921)
101000  Obj 29142609 Primal inf 9634227.1 (64086)
102000  Obj 29177142 Primal inf 9283381.8 (63239)
103000  Obj 29193720 Primal inf 8687624.6 (62352)
104000  Obj 29207721 Primal inf 8205093.7 (61495)
105000  Obj 29227312 Primal inf 7741720.7 (60601)
106000  Obj 29248017 Primal inf 7248763.7 (59707)
107000  Obj 29273461 Primal inf 6809918.3 (58799)
108000  Obj 29386692 Primal inf 3976989.1 (57565)
109000  Obj 29403666 Primal inf 3532760.6 (56595)
110000  Obj 29414098 Primal inf 3265925.7 (55530)
111000  Obj 29455578 Primal inf 3189357.9 (54509)
112000  Obj 29481807 Primal inf 3091105.3 (53539)
113000  Obj 29487228 Primal inf 2943525 (52560)
114000  Obj 29493946 Primal inf 2753993.7 (51580)
115000  Obj 29496930 Primal inf 2666120.2 (50598)
116000  Obj 29500188 Primal inf 2548323.4 (49625)
117000  Obj 29503709 Primal inf 2456297.4 (48643)
118000  Obj 29509171 Primal inf 2348848.7 (47686)
119000  Obj 29513851 Primal inf 2268587.8 (46761)
120000  Obj 29521145 Primal inf 2103939.9 (45832)
121000  Obj 29528348 Primal inf 1924407.4 (44905)
122000  Obj 29533111 Primal inf 1794945.6 (43984)
123000  Obj 29546515 Primal inf 1639995.8 (43046)
124000  Obj 29548884 Primal inf 1523972 (42117)
125000  Obj 29562708 Primal inf 1345549.4 (41193)
126000  Obj 29574331 Primal inf 1305401.9 (40290)
127000  Obj 29575938 Primal inf 1163800.3 (39379)
128000  Obj 29579096 Primal inf 1044464.8 (38455)
129000  Obj 29587414 Primal inf 977534.13 (37517)
130000  Obj 29590621 Primal inf 856858.05 (36585)
131000  Obj 29592624 Primal inf 734023.26 (35670)
132000  Obj 29595900 Primal inf 667782.73 (34743)
133000  Obj 29609003 Primal inf 583422.97 (33817)
134000  Obj 29610842 Primal inf 478381.94 (32878)
135000  Obj 29613490 Primal inf 434602.3 (31949)
136000  Obj 29614766 Primal inf 365672.47 (31004)
137000  Obj 29617859 Primal inf 312582.77 (30066)
138000  Obj 29618887 Primal inf 274415.49 (29120)
139000  Obj 29622087 Primal inf 231191.86 (28185)
140000  Obj 29623687 Primal inf 196236.78 (27254)
141000  Obj 29633109 Primal inf 130088.91 (26317)
142000  Obj 29636734 Primal inf 104625.77 (25324)
143000  Obj 29637215 Primal inf 88751.241 (24372)
144000  Obj 29637773 Primal inf 71341.064 (23424)
145000  Obj 29638003 Primal inf 60902.688 (22469)
146000  Obj 29638161 Primal inf 51124.909 (21506)
147000  Obj 29638495 Primal inf 43105.858 (20551)
148000  Obj 29638822 Primal inf 37329.628 (19581)
149000  Obj 29638880 Primal inf 33649.992 (18615)
150000  Obj 29638953 Primal inf 32296.568 (17623)
151000  Obj 29638967 Primal inf 30092.659 (16623)
152000  Obj 29638977 Primal inf 29667.108 (15623)
153000  Obj 29638986 Primal inf 29650.369 (14619)
154000  Obj 29638995 Primal inf 29601.088 (13619)
155000  Obj 29639006 Primal inf 28870.844 (12619)
156000  Obj 29639019 Primal inf 27280.472 (11619)
157000  Obj 29639034 Primal inf 24695.607 (10619)
158000  Obj 29639047 Primal inf 23109.755 (9619)
159000  Obj 29639062 Primal inf 20825.073 (8619)
160000  Obj 29639071 Primal inf 20803.153 (7620)
161000  Obj 29639082 Primal inf 19607.119 (6620)
162000  Obj 29639098 Primal inf 17142.82 (5620)
163000  Obj 29639112 Primal inf 14871.565 (4620)
164000  Obj 29639132 Primal inf 11161.554 (3620)
165000  Obj 29639154 Primal inf 8938.6947 (2620)
166000  Obj 29639168 Primal inf 7168.6849 (1620)
167000  Obj 29639293 Primal inf 2685.8856 (620)
167613  Obj 29639330
Optimal - objective value 19343914
After Postsolve, objective 19343914, infeasibilities - dual 0 (0), primal 0 (0)
Optimal objective 19343914.41 - 167613 iterations time 445.362, Presolve 81.52
Total time (CPU seconds):       457.01   (Wallclock seconds):       457.01


